/var/www/quast/source/quast/quast.py /var/www/quast/source/../data/results/iwxh3y88l271yq9x022rqv7zcghquthc/17_Feb_2023_12_06_10_393531/contigs/19mer_cor_DBG2OLC_platanus_final_assembly.fasta /var/www/quast/source/../data/results/iwxh3y88l271yq9x022rqv7zcghquthc/17_Feb_2023_12_06_10_393531/contigs/DBG2OLC_params_19-1-2-10-0.0001_final_assembly.fasta /var/www/quast/source/../data/results/iwxh3y88l271yq9x022rqv7zcghquthc/17_Feb_2023_12_06_10_393531/contigs/Masurca_cor_beforePolishing_genome.scf.fasta --min-contig 0 -J /var/www/quast/source/../data/results/iwxh3y88l271yq9x022rqv7zcghquthc/17_Feb_2023_12_06_10_393531 -o /var/www/quast/source/../data/results/iwxh3y88l271yq9x022rqv7zcghquthc/17_Feb_2023_12_06_10_393531/full_output --err-fpath /var/www/quast/source/../data/results/iwxh3y88l271yq9x022rqv7zcghquthc/17_Feb_2023_12_06_10_393531/error.log -t 2

Version: 5.0.2

System information:
  OS: Linux-3.10.0-1160.45.1.el7.x86_64-x86_64-with-glibc2.17 (linux_64)
  Python version: 3.9.5
  CPUs number: 6

Started: 2023-02-17 15:06:32

Logging to /var/www/quast/data/results/iwxh3y88l271yq9x022rqv7zcghquthc/17_Feb_2023_12_06_10_393531/full_output/quast.log

CWD: /var/www/quast/source
Main parameters: 
  MODE: default, threads: 2, minimum alignment length: 65, ambiguity: one, threshold for extensive misassembly size: 1000

Contigs:
  Pre-processing...
  1  /var/www/quast/source/../data/results/iwxh3y88l271yq9x022rqv7zcghquthc/17_Feb_2023_12_06_10_393531/contigs/19mer_cor_DBG2OLC_platanus_final_assembly.fasta ==> 19mer_cor_DBG2OLC_platanus_final_assembly
  2  /var/www/quast/source/../data/results/iwxh3y88l271yq9x022rqv7zcghquthc/17_Feb_2023_12_06_10_393531/contigs/DBG2OLC_params_19-1-2-10-0.0001_final_assembly.fasta ==> DBG2OLC_params_19_1_2_10_0.0001_final_assembly
  3  /var/www/quast/source/../data/results/iwxh3y88l271yq9x022rqv7zcghquthc/17_Feb_2023_12_06_10_393531/contigs/Masurca_cor_beforePolishing_genome.scf.fasta ==> Masurca_cor_beforePolishing_genome.scf

2023-02-17 15:06:34
Running Basic statistics processor...
  Contig files: 
    1  19mer_cor_DBG2OLC_platanus_final_assembly
    2  DBG2OLC_params_19_1_2_10_0.0001_final_assembly
    3  Masurca_cor_beforePolishing_genome.scf
  Calculating N50 and L50...
    1  19mer_cor_DBG2OLC_platanus_final_assembly, N50 = 171235, L50 = 9, Total length = 4797012, GC % = 36.05, # N's per 100 kbp =  0.00
    2  DBG2OLC_params_19_1_2_10_0.0001_final_assembly, N50 = 66789, L50 = 27, Total length = 5128345, GC % = 36.01, # N's per 100 kbp =  0.00
    3  Masurca_cor_beforePolishing_genome.scf, N50 = 1349311, L50 = 2, Total length = 4957066, GC % = 36.26, # N's per 100 kbp =  0.00
  Drawing Nx plot...
    saved to /var/www/quast/data/results/iwxh3y88l271yq9x022rqv7zcghquthc/17_Feb_2023_12_06_10_393531/full_output/basic_stats/Nx_plot.pdf
  Drawing cumulative plot...
    saved to /var/www/quast/data/results/iwxh3y88l271yq9x022rqv7zcghquthc/17_Feb_2023_12_06_10_393531/full_output/basic_stats/cumulative_plot.pdf
  Drawing GC content plot...
    saved to /var/www/quast/data/results/iwxh3y88l271yq9x022rqv7zcghquthc/17_Feb_2023_12_06_10_393531/full_output/basic_stats/GC_content_plot.pdf
  Drawing 19mer_cor_DBG2OLC_platanus_final_assembly GC content plot...
    saved to /var/www/quast/data/results/iwxh3y88l271yq9x022rqv7zcghquthc/17_Feb_2023_12_06_10_393531/full_output/basic_stats/19mer_cor_DBG2OLC_platanus_final_assembly_GC_content_plot.pdf
  Drawing DBG2OLC_params_19_1_2_10_0.0001_final_assembly GC content plot...
    saved to /var/www/quast/data/results/iwxh3y88l271yq9x022rqv7zcghquthc/17_Feb_2023_12_06_10_393531/full_output/basic_stats/DBG2OLC_params_19_1_2_10_0.0001_final_assembly_GC_content_plot.pdf
  Drawing Masurca_cor_beforePolishing_genome.scf GC content plot...
    saved to /var/www/quast/data/results/iwxh3y88l271yq9x022rqv7zcghquthc/17_Feb_2023_12_06_10_393531/full_output/basic_stats/Masurca_cor_beforePolishing_genome.scf_GC_content_plot.pdf
Done.

NOTICE: Genes are not predicted by default. Use --gene-finding or --glimmer option to enable it.

2023-02-17 15:06:37
Creating large visual summaries...
This may take a while: press Ctrl-C to skip this step..
  1 of 2: Creating Icarus viewers...
  2 of 2: Creating PDF with all tables and plots...
Done

2023-02-17 15:06:39
RESULTS:
  Text versions of total report are saved to /var/www/quast/data/results/iwxh3y88l271yq9x022rqv7zcghquthc/17_Feb_2023_12_06_10_393531/full_output/report.txt, report.tsv, and report.tex
  Text versions of transposed total report are saved to /var/www/quast/data/results/iwxh3y88l271yq9x022rqv7zcghquthc/17_Feb_2023_12_06_10_393531/full_output/transposed_report.txt, transposed_report.tsv, and transposed_report.tex
  HTML version (interactive tables and plots) is saved to /var/www/quast/data/results/iwxh3y88l271yq9x022rqv7zcghquthc/17_Feb_2023_12_06_10_393531/full_output/report.html
  PDF version (tables and plots) is saved to /var/www/quast/data/results/iwxh3y88l271yq9x022rqv7zcghquthc/17_Feb_2023_12_06_10_393531/full_output/report.pdf
  Icarus (contig browser) is saved to /var/www/quast/data/results/iwxh3y88l271yq9x022rqv7zcghquthc/17_Feb_2023_12_06_10_393531/full_output/icarus.html
  Log is saved to /var/www/quast/data/results/iwxh3y88l271yq9x022rqv7zcghquthc/17_Feb_2023_12_06_10_393531/full_output/quast.log

Finished: 2023-02-17 15:06:39
Elapsed time: 0:00:06.681542
NOTICEs: 1; WARNINGs: 0; non-fatal ERRORs: 0

Thank you for using QUAST!
